{"total": {"lines":{"total":54,"covered":2,"skipped":0,"pct":3.7},"statements":{"total":55,"covered":2,"skipped":0,"pct":3.63},"functions":{"total":9,"covered":1,"skipped":0,"pct":11.11},"branches":{"total":25,"covered":0,"skipped":0,"pct":0},"branchesTrue":{"total":0,"covered":0,"skipped":0,"pct":100}}
,"/Users/houghtons@moravian.edu/Desktop/projects/gh_actions/comment-jest-reports/src/helpers.js": {"lines":{"total":26,"covered":0,"skipped":0,"pct":0},"functions":{"total":6,"covered":0,"skipped":0,"pct":0},"statements":{"total":27,"covered":0,"skipped":0,"pct":0},"branches":{"total":15,"covered":0,"skipped":0,"pct":0}}
,"/Users/houghtons@moravian.edu/Desktop/projects/gh_actions/comment-jest-reports/src/index.js": {"lines":{"total":24,"covered":0,"skipped":0,"pct":0},"functions":{"total":1,"covered":0,"skipped":0,"pct":0},"statements":{"total":24,"covered":0,"skipped":0,"pct":0},"branches":{"total":10,"covered":0,"skipped":0,"pct":0}}
,"/Users/houghtons@moravian.edu/Desktop/projects/gh_actions/comment-jest-reports/src/mocks/add.js": {"lines":{"total":2,"covered":2,"skipped":0,"pct":100},"functions":{"total":1,"covered":1,"skipped":0,"pct":100},"statements":{"total":2,"covered":2,"skipped":0,"pct":100},"branches":{"total":0,"covered":0,"skipped":0,"pct":100}}
,"/Users/houghtons@moravian.edu/Desktop/projects/gh_actions/comment-jest-reports/src/mocks/subtract.js": {"lines":{"total":2,"covered":0,"skipped":0,"pct":0},"functions":{"total":1,"covered":0,"skipped":0,"pct":0},"statements":{"total":2,"covered":0,"skipped":0,"pct":0},"branches":{"total":0,"covered":0,"skipped":0,"pct":100}}
}
